2022-07-23 01:23:35,198 - D:\PycharmProjects\stock2\main\batchRequest.py - WARNING: Starting
2022-07-23 01:24:01,894 - D:\PycharmProjects\stock2\main\batchRequest.py - WARNING: 600001
2022-07-23 01:24:03,000 - D:\PycharmProjects\stock2\main\batchRequest.py - WARNING: 600002
2022-07-23 01:24:04,038 - D:\PycharmProjects\stock2\main\batchRequest.py - WARNING: 600003
2022-07-23 01:31:17,239 - D:\PycharmProjects\stock2\main\batchRequest.py - WARNING: 600065
2022-07-23 01:35:30,741 - D:\PycharmProjects\stock2\main\batchRequest.py - WARNING: 600087
2022-07-23 01:36:06,354 - D:\PycharmProjects\stock2\main\batchRequest.py - WARNING: 600092
2022-07-23 01:37:31,422 - D:\PycharmProjects\stock2\main\batchRequest.py - WARNING: 600102
2022-07-23 01:48:12,002 - D:\PycharmProjects\stock2\main\batchRequest.py - WARNING: 600181
2022-07-23 01:51:25,639 - D:\PycharmProjects\stock2\main\batchRequest.py - WARNING: 600205
2022-07-23 01:58:09,798 - D:\PycharmProjects\stock2\main\batchRequest.py - WARNING: 600253
2022-07-23 01:59:25,893 - D:\PycharmProjects\stock2\main\batchRequest.py - WARNING: 600263
2022-07-23 02:02:36,103 - D:\PycharmProjects\stock2\main\batchRequest.py - WARNING: 600286
2022-07-23 02:09:51,428 - D:\PycharmProjects\stock2\main\batchRequest.py - WARNING: 600296
2022-07-23 02:16:22,419 - D:\PycharmProjects\stock2\main\batchRequest.py - WARNING: 600349
2022-07-23 02:17:28,665 - D:\PycharmProjects\stock2\main\batchRequest.py - WARNING: 600357
2022-07-23 02:31:56,112 - D:\PycharmProjects\stock2\main\batchRequest.py - WARNING: 600472
2022-07-23 02:42:41,775 - D:\PycharmProjects\stock2\main\batchRequest.py - WARNING: 600553
2022-07-23 02:48:07,050 - D:\PycharmProjects\stock2\main\batchRequest.py - WARNING: 600591
2022-07-23 02:50:36,357 - D:\PycharmProjects\stock2\main\batchRequest.py - WARNING: 600607
2022-07-23 02:53:28,203 - D:\PycharmProjects\stock2\main\batchRequest.py - WARNING: 600625
2022-07-23 02:53:39,897 - D:\PycharmProjects\stock2\main\batchRequest.py - WARNING: 600627
2022-07-23 02:54:11,335 - D:\PycharmProjects\stock2\main\batchRequest.py - WARNING: 600631
2022-07-23 02:54:13,471 - D:\PycharmProjects\stock2\main\batchRequest.py - WARNING: 600632
2022-07-23 02:56:30,483 - D:\PycharmProjects\stock2\main\batchRequest.py - WARNING: 600646
2022-07-23 02:58:07,385 - D:\PycharmProjects\stock2\main\batchRequest.py - WARNING: 600656
2022-07-23 02:58:30,512 - D:\PycharmProjects\stock2\main\batchRequest.py - WARNING: 600659
2022-07-23 03:00:06,279 - D:\PycharmProjects\stock2\main\batchRequest.py - WARNING: 600669
2022-07-23 03:00:08,564 - D:\PycharmProjects\stock2\main\batchRequest.py - WARNING: 600670
2022-07-23 03:00:20,941 - D:\PycharmProjects\stock2\main\batchRequest.py - WARNING: 600672
2022-07-23 03:05:04,724 - D:\PycharmProjects\stock2\main\batchRequest.py - WARNING: 600700
2022-07-23 03:06:29,296 - D:\PycharmProjects\stock2\main\batchRequest.py - WARNING: 600709
2022-07-23 03:14:00,642 - D:\PycharmProjects\stock2\main\batchRequest.py - WARNING: 600752
2022-07-23 03:15:36,352 - D:\PycharmProjects\stock2\main\batchRequest.py - WARNING: 600762
2022-07-23 03:17:11,217 - D:\PycharmProjects\stock2\main\batchRequest.py - WARNING: 600772
2022-07-23 03:19:30,704 - D:\PycharmProjects\stock2\main\batchRequest.py - WARNING: 600786
2022-07-23 03:19:42,779 - D:\PycharmProjects\stock2\main\batchRequest.py - WARNING: 600788
2022-07-23 03:21:26,358 - D:\PycharmProjects\stock2\main\batchRequest.py - WARNING: 600799
2022-07-23 03:23:47,423 - D:\PycharmProjects\stock2\main\batchRequest.py - WARNING: 600813
2022-07-23 11:02:37,816 - D:/PycharmProjects/stock2/main/batchRequest.py - WARNING: Starting
2022-07-23 11:03:59,555 - D:/PycharmProjects/stock2/main/batchRequest.py - WARNING: Starting
2022-07-23 11:05:10,928 - D:/PycharmProjects/stock2/main/batchRequest.py - WARNING: Starting
2022-07-23 11:05:24,888 - D:/PycharmProjects/stock2/main/batchRequest.py - WARNING: 600001
2022-07-23 11:05:25,957 - D:/PycharmProjects/stock2/main/batchRequest.py - WARNING: 600002
2022-07-23 11:05:27,138 - D:/PycharmProjects/stock2/main/batchRequest.py - WARNING: 600003
2022-07-23 11:05:28,213 - D:/PycharmProjects/stock2/main/batchRequest.py - WARNING: 600065
2022-07-23 11:05:29,132 - D:/PycharmProjects/stock2/main/batchRequest.py - WARNING: 600087
2022-07-23 11:05:30,038 - D:/PycharmProjects/stock2/main/batchRequest.py - WARNING: 600092
2022-07-23 11:05:30,865 - D:/PycharmProjects/stock2/main/batchRequest.py - WARNING: 600102
2022-07-23 11:05:31,931 - D:/PycharmProjects/stock2/main/batchRequest.py - WARNING: 600181
2022-07-23 11:05:32,848 - D:/PycharmProjects/stock2/main/batchRequest.py - WARNING: 600205
2022-07-23 11:05:33,790 - D:/PycharmProjects/stock2/main/batchRequest.py - WARNING: 600253
2022-07-23 11:05:55,676 - D:/PycharmProjects/stock2/main/batchRequest.py - WARNING: 600263
2022-07-23 11:05:56,895 - D:/PycharmProjects/stock2/main/batchRequest.py - WARNING: 600286
2022-07-23 11:05:58,081 - D:/PycharmProjects/stock2/main/batchRequest.py - WARNING: 600296
2022-07-23 11:05:59,200 - D:/PycharmProjects/stock2/main/batchRequest.py - WARNING: 600349
2022-07-23 11:06:00,366 - D:/PycharmProjects/stock2/main/batchRequest.py - WARNING: 600357
2022-07-23 11:06:01,409 - D:/PycharmProjects/stock2/main/batchRequest.py - WARNING: 600472
2022-07-23 11:06:02,942 - D:/PycharmProjects/stock2/main/batchRequest.py - WARNING: 600553
2022-07-23 11:06:04,007 - D:/PycharmProjects/stock2/main/batchRequest.py - WARNING: 600591
2022-07-23 11:06:05,100 - D:/PycharmProjects/stock2/main/batchRequest.py - WARNING: 600607
2022-07-23 11:06:06,114 - D:/PycharmProjects/stock2/main/batchRequest.py - WARNING: 600625
2022-07-23 11:06:07,343 - D:/PycharmProjects/stock2/main/batchRequest.py - WARNING: 600627
2022-07-23 11:06:09,130 - D:/PycharmProjects/stock2/main/batchRequest.py - WARNING: 600631
2022-07-23 11:06:11,097 - D:/PycharmProjects/stock2/main/batchRequest.py - WARNING: 600632
2022-07-23 11:06:12,307 - D:/PycharmProjects/stock2/main/batchRequest.py - WARNING: 600646
2022-07-23 11:06:13,237 - D:/PycharmProjects/stock2/main/batchRequest.py - WARNING: 600656
2022-07-23 11:06:14,229 - D:/PycharmProjects/stock2/main/batchRequest.py - WARNING: 600659
2022-07-23 11:06:15,198 - D:/PycharmProjects/stock2/main/batchRequest.py - WARNING: 600669
2022-07-23 11:06:16,671 - D:/PycharmProjects/stock2/main/batchRequest.py - WARNING: 600670
2022-07-23 11:06:17,752 - D:/PycharmProjects/stock2/main/batchRequest.py - WARNING: 600672
2022-07-23 11:06:18,992 - D:/PycharmProjects/stock2/main/batchRequest.py - WARNING: 600700
2022-07-23 11:06:20,038 - D:/PycharmProjects/stock2/main/batchRequest.py - WARNING: 600709
2022-07-23 11:06:21,067 - D:/PycharmProjects/stock2/main/batchRequest.py - WARNING: 600752
2022-07-23 11:06:22,200 - D:/PycharmProjects/stock2/main/batchRequest.py - WARNING: 600762
2022-07-23 11:06:23,292 - D:/PycharmProjects/stock2/main/batchRequest.py - WARNING: 600772
2022-07-23 11:06:24,459 - D:/PycharmProjects/stock2/main/batchRequest.py - WARNING: 600786
2022-07-23 11:06:25,588 - D:/PycharmProjects/stock2/main/batchRequest.py - WARNING: 600788
2022-07-23 11:06:26,560 - D:/PycharmProjects/stock2/main/batchRequest.py - WARNING: 600799
2022-07-23 11:06:28,050 - D:/PycharmProjects/stock2/main/batchRequest.py - WARNING: 600813
2022-07-23 11:06:59,540 - D:/PycharmProjects/stock2/main/batchRequest.py - WARNING: 600832
2022-07-23 11:08:40,250 - D:/PycharmProjects/stock2/main/batchRequest.py - WARNING: Starting
2022-07-23 11:08:42,874 - D:/PycharmProjects/stock2/main/batchRequest.py - WARNING: 600001
2022-07-23 11:08:43,668 - D:/PycharmProjects/stock2/main/batchRequest.py - WARNING: 600002
2022-07-23 11:08:44,518 - D:/PycharmProjects/stock2/main/batchRequest.py - WARNING: 600003
2022-07-23 11:08:45,390 - D:/PycharmProjects/stock2/main/batchRequest.py - WARNING: 600065
2022-07-23 11:08:46,204 - D:/PycharmProjects/stock2/main/batchRequest.py - WARNING: 600087
2022-07-23 11:08:47,009 - D:/PycharmProjects/stock2/main/batchRequest.py - WARNING: 600092
2022-07-23 11:08:47,869 - D:/PycharmProjects/stock2/main/batchRequest.py - WARNING: 600102
2022-07-23 11:08:48,734 - D:/PycharmProjects/stock2/main/batchRequest.py - WARNING: 600181
2022-07-23 11:08:49,550 - D:/PycharmProjects/stock2/main/batchRequest.py - WARNING: 600205
2022-07-23 11:08:50,449 - D:/PycharmProjects/stock2/main/batchRequest.py - WARNING: 600253
2022-07-23 11:08:51,329 - D:/PycharmProjects/stock2/main/batchRequest.py - WARNING: 600263
2022-07-23 11:08:52,317 - D:/PycharmProjects/stock2/main/batchRequest.py - WARNING: 600286
2022-07-23 11:08:53,260 - D:/PycharmProjects/stock2/main/batchRequest.py - WARNING: 600296
2022-07-23 11:08:54,116 - D:/PycharmProjects/stock2/main/batchRequest.py - WARNING: 600349
2022-07-23 11:08:54,980 - D:/PycharmProjects/stock2/main/batchRequest.py - WARNING: 600357
2022-07-23 11:08:55,909 - D:/PycharmProjects/stock2/main/batchRequest.py - WARNING: 600472
2022-07-23 11:08:56,794 - D:/PycharmProjects/stock2/main/batchRequest.py - WARNING: 600553
2022-07-23 11:08:57,841 - D:/PycharmProjects/stock2/main/batchRequest.py - WARNING: 600591
2022-07-23 11:08:58,871 - D:/PycharmProjects/stock2/main/batchRequest.py - WARNING: 600607
2022-07-23 11:08:59,777 - D:/PycharmProjects/stock2/main/batchRequest.py - WARNING: 600625
2022-07-23 11:09:00,672 - D:/PycharmProjects/stock2/main/batchRequest.py - WARNING: 600627
2022-07-23 11:09:01,646 - D:/PycharmProjects/stock2/main/batchRequest.py - WARNING: 600631
2022-07-23 11:09:03,226 - D:/PycharmProjects/stock2/main/batchRequest.py - WARNING: 600632
2022-07-23 11:09:04,141 - D:/PycharmProjects/stock2/main/batchRequest.py - WARNING: 600646
2022-07-23 11:09:05,166 - D:/PycharmProjects/stock2/main/batchRequest.py - WARNING: 600656
2022-07-23 11:09:06,090 - D:/PycharmProjects/stock2/main/batchRequest.py - WARNING: 600659
2022-07-23 11:09:06,950 - D:/PycharmProjects/stock2/main/batchRequest.py - WARNING: 600669
2022-07-23 11:09:08,380 - D:/PycharmProjects/stock2/main/batchRequest.py - WARNING: 600670
2022-07-23 11:09:30,936 - D:/PycharmProjects/stock2/main/batchRequest.py - WARNING: 600672
2022-07-23 11:09:31,869 - D:/PycharmProjects/stock2/main/batchRequest.py - WARNING: 600700
2022-07-23 11:09:32,881 - D:/PycharmProjects/stock2/main/batchRequest.py - WARNING: 600709
2022-07-23 11:09:33,822 - D:/PycharmProjects/stock2/main/batchRequest.py - WARNING: 600752
2022-07-23 11:09:34,878 - D:/PycharmProjects/stock2/main/batchRequest.py - WARNING: 600762
2022-07-23 11:09:35,815 - D:/PycharmProjects/stock2/main/batchRequest.py - WARNING: 600772
2022-07-23 11:09:36,912 - D:/PycharmProjects/stock2/main/batchRequest.py - WARNING: 600786
2022-07-23 11:09:37,918 - D:/PycharmProjects/stock2/main/batchRequest.py - WARNING: 600788
2022-07-23 11:09:38,903 - D:/PycharmProjects/stock2/main/batchRequest.py - WARNING: 600799
2022-07-23 11:09:39,815 - D:/PycharmProjects/stock2/main/batchRequest.py - WARNING: 600813
2022-07-23 11:10:11,630 - D:/PycharmProjects/stock2/main/batchRequest.py - WARNING: 600832
2022-07-23 11:11:22,305 - D:/PycharmProjects/stock2/main/batchRequest.py - WARNING: 600840
2022-07-23 11:11:33,092 - D:/PycharmProjects/stock2/main/batchRequest.py - WARNING: 600842
2022-07-23 11:12:32,458 - D:/PycharmProjects/stock2/main/batchRequest.py - WARNING: 600849
2022-07-23 11:12:52,426 - D:/PycharmProjects/stock2/main/batchRequest.py - WARNING: 600852
2022-07-23 11:16:50,135 - D:/PycharmProjects/stock2/main/batchRequest.py - WARNING: 600878
2022-07-23 11:20:00,898 - D:/PycharmProjects/stock2/main/batchRequest.py - WARNING: 600899
2022-07-23 11:27:09,323 - D:/PycharmProjects/stock2/main/batchRequest.py - WARNING: 600991
2022-07-23 11:38:04,814 - D:/PycharmProjects/stock2/main/batchRequest.py - WARNING: 601268
2022-07-23 11:38:48,273 - D:/PycharmProjects/stock2/main/batchRequest.py - WARNING: 601299
2022-07-23 15:01:08,359 - D:/PycharmProjects/stock2/main/batchRequest.py - WARNING: Starting
2022-07-23 15:01:22,537 - D:/PycharmProjects/stock2/main/batchRequest.py - WARNING: 600001
2022-07-23 15:01:23,422 - D:/PycharmProjects/stock2/main/batchRequest.py - WARNING: 600002
2022-07-23 15:01:24,870 - D:/PycharmProjects/stock2/main/batchRequest.py - WARNING: 600003
2022-07-23 15:01:25,921 - D:/PycharmProjects/stock2/main/batchRequest.py - WARNING: 600065
2022-07-23 15:01:26,835 - D:/PycharmProjects/stock2/main/batchRequest.py - WARNING: 600087
2022-07-23 15:01:27,739 - D:/PycharmProjects/stock2/main/batchRequest.py - WARNING: 600092
2022-07-23 15:01:28,851 - D:/PycharmProjects/stock2/main/batchRequest.py - WARNING: 600102
2022-07-23 15:01:29,847 - D:/PycharmProjects/stock2/main/batchRequest.py - WARNING: 600181
2022-07-23 15:01:30,810 - D:/PycharmProjects/stock2/main/batchRequest.py - WARNING: 600205
2022-07-23 15:01:31,894 - D:/PycharmProjects/stock2/main/batchRequest.py - WARNING: 600253
2022-07-23 15:01:32,822 - D:/PycharmProjects/stock2/main/batchRequest.py - WARNING: 600263
2022-07-23 15:01:33,815 - D:/PycharmProjects/stock2/main/batchRequest.py - WARNING: 600286
2022-07-23 15:01:34,808 - D:/PycharmProjects/stock2/main/batchRequest.py - WARNING: 600296
2022-07-23 15:01:36,032 - D:/PycharmProjects/stock2/main/batchRequest.py - WARNING: 600349
2022-07-23 15:01:37,032 - D:/PycharmProjects/stock2/main/batchRequest.py - WARNING: 600357
2022-07-23 15:01:38,108 - D:/PycharmProjects/stock2/main/batchRequest.py - WARNING: 600472
2022-07-23 15:01:39,078 - D:/PycharmProjects/stock2/main/batchRequest.py - WARNING: 600553
2022-07-23 15:01:40,077 - D:/PycharmProjects/stock2/main/batchRequest.py - WARNING: 600591
2022-07-23 15:01:41,230 - D:/PycharmProjects/stock2/main/batchRequest.py - WARNING: 600607
2022-07-23 15:01:42,237 - D:/PycharmProjects/stock2/main/batchRequest.py - WARNING: 600625
2022-07-23 15:01:43,094 - D:/PycharmProjects/stock2/main/batchRequest.py - WARNING: 600627
2022-07-23 15:01:44,046 - D:/PycharmProjects/stock2/main/batchRequest.py - WARNING: 600631
2022-07-23 15:01:45,138 - D:/PycharmProjects/stock2/main/batchRequest.py - WARNING: 600632
2022-07-23 15:01:46,391 - D:/PycharmProjects/stock2/main/batchRequest.py - WARNING: 600646
2022-07-23 15:01:47,635 - D:/PycharmProjects/stock2/main/batchRequest.py - WARNING: 600656
2022-07-23 15:01:48,792 - D:/PycharmProjects/stock2/main/batchRequest.py - WARNING: 600659
2022-07-23 15:02:11,028 - D:/PycharmProjects/stock2/main/batchRequest.py - WARNING: 600669
2022-07-23 15:02:12,027 - D:/PycharmProjects/stock2/main/batchRequest.py - WARNING: 600670
2022-07-23 15:02:13,078 - D:/PycharmProjects/stock2/main/batchRequest.py - WARNING: 600672
2022-07-23 15:02:13,973 - D:/PycharmProjects/stock2/main/batchRequest.py - WARNING: 600700
2022-07-23 15:02:15,115 - D:/PycharmProjects/stock2/main/batchRequest.py - WARNING: 600709
2022-07-23 15:02:16,265 - D:/PycharmProjects/stock2/main/batchRequest.py - WARNING: 600752
2022-07-23 15:02:17,371 - D:/PycharmProjects/stock2/main/batchRequest.py - WARNING: 600762
2022-07-23 15:02:18,852 - D:/PycharmProjects/stock2/main/batchRequest.py - WARNING: 600772
2022-07-23 15:02:20,424 - D:/PycharmProjects/stock2/main/batchRequest.py - WARNING: 600786
2022-07-23 15:02:21,534 - D:/PycharmProjects/stock2/main/batchRequest.py - WARNING: 600788
2022-07-23 15:02:22,713 - D:/PycharmProjects/stock2/main/batchRequest.py - WARNING: 600799
2022-07-23 15:02:23,805 - D:/PycharmProjects/stock2/main/batchRequest.py - WARNING: 600813
2022-07-23 15:02:24,852 - D:/PycharmProjects/stock2/main/batchRequest.py - WARNING: 600832
2022-07-23 15:02:25,875 - D:/PycharmProjects/stock2/main/batchRequest.py - WARNING: 600840
2022-07-23 15:02:26,913 - D:/PycharmProjects/stock2/main/batchRequest.py - WARNING: 600842
2022-07-23 15:02:27,945 - D:/PycharmProjects/stock2/main/batchRequest.py - WARNING: 600849
2022-07-23 15:02:28,987 - D:/PycharmProjects/stock2/main/batchRequest.py - WARNING: 600852
2022-07-23 15:02:30,238 - D:/PycharmProjects/stock2/main/batchRequest.py - WARNING: 600878
2022-07-23 15:02:31,284 - D:/PycharmProjects/stock2/main/batchRequest.py - WARNING: 600899
2022-07-23 15:02:32,363 - D:/PycharmProjects/stock2/main/batchRequest.py - WARNING: 600991
2022-07-23 15:02:33,483 - D:/PycharmProjects/stock2/main/batchRequest.py - WARNING: 601268
2022-07-23 15:02:34,584 - D:/PycharmProjects/stock2/main/batchRequest.py - WARNING: 601299

2022-07-23 15:08:56,953 - D:/PycharmProjects/stock2/main/batchRequest.py - WARNING: Starting
2022-07-23 15:09:00,704 - D:/PycharmProjects/stock2/main/batchRequest.py - WARNING: 600001
2022-07-23 15:09:01,634 - D:/PycharmProjects/stock2/main/batchRequest.py - WARNING: 600002
2022-07-23 15:09:03,148 - D:/PycharmProjects/stock2/main/batchRequest.py - WARNING: 600003
2022-07-23 15:09:04,046 - D:/PycharmProjects/stock2/main/batchRequest.py - WARNING: 600065
2022-07-23 15:09:04,970 - D:/PycharmProjects/stock2/main/batchRequest.py - WARNING: 600087
2022-07-23 15:09:06,379 - D:/PycharmProjects/stock2/main/batchRequest.py - WARNING: 600092
2022-07-23 15:09:07,244 - D:/PycharmProjects/stock2/main/batchRequest.py - WARNING: 600102
2022-07-23 15:09:08,058 - D:/PycharmProjects/stock2/main/batchRequest.py - WARNING: 600181
2022-07-23 15:09:09,163 - D:/PycharmProjects/stock2/main/batchRequest.py - WARNING: 600205
2022-07-23 15:09:10,524 - D:/PycharmProjects/stock2/main/batchRequest.py - WARNING: 600253
2022-07-23 15:09:11,798 - D:/PycharmProjects/stock2/main/batchRequest.py - WARNING: 600263
2022-07-23 15:09:15,172 - D:/PycharmProjects/stock2/main/batchRequest.py - WARNING: 600286
2022-07-23 15:09:16,089 - D:/PycharmProjects/stock2/main/batchRequest.py - WARNING: 600296
2022-07-23 15:09:17,032 - D:/PycharmProjects/stock2/main/batchRequest.py - WARNING: 600349
2022-07-23 15:09:17,874 - D:/PycharmProjects/stock2/main/batchRequest.py - WARNING: 600357
2022-07-23 15:09:19,561 - D:/PycharmProjects/stock2/main/batchRequest.py - WARNING: 600472
2022-07-23 15:09:21,229 - D:/PycharmProjects/stock2/main/batchRequest.py - WARNING: 600553
2022-07-23 15:09:22,533 - D:/PycharmProjects/stock2/main/batchRequest.py - WARNING: 600591
2022-07-23 15:09:23,472 - D:/PycharmProjects/stock2/main/batchRequest.py - WARNING: 600607
2022-07-23 15:09:24,391 - D:/PycharmProjects/stock2/main/batchRequest.py - WARNING: 600625
2022-07-23 15:09:25,370 - D:/PycharmProjects/stock2/main/batchRequest.py - WARNING: 600627
2022-07-23 15:09:26,331 - D:/PycharmProjects/stock2/main/batchRequest.py - WARNING: 600631
2022-07-23 15:09:27,803 - D:/PycharmProjects/stock2/main/batchRequest.py - WARNING: 600632
2022-07-23 15:09:29,542 - D:/PycharmProjects/stock2/main/batchRequest.py - WARNING: 600646
2022-07-23 15:09:30,764 - D:/PycharmProjects/stock2/main/batchRequest.py - WARNING: 600656
2022-07-23 15:09:31,931 - D:/PycharmProjects/stock2/main/batchRequest.py - WARNING: 600659
2022-07-23 15:09:32,919 - D:/PycharmProjects/stock2/main/batchRequest.py - WARNING: 600669
2022-07-23 15:09:33,791 - D:/PycharmProjects/stock2/main/batchRequest.py - WARNING: 600670
2022-07-23 15:09:34,825 - D:/PycharmProjects/stock2/main/batchRequest.py - WARNING: 600672
2022-07-23 15:09:35,736 - D:/PycharmProjects/stock2/main/batchRequest.py - WARNING: 600700
2022-07-23 15:09:36,932 - D:/PycharmProjects/stock2/main/batchRequest.py - WARNING: 600709
2022-07-23 15:09:37,940 - D:/PycharmProjects/stock2/main/batchRequest.py - WARNING: 600752
2022-07-23 15:09:38,918 - D:/PycharmProjects/stock2/main/batchRequest.py - WARNING: 600762
2022-07-23 15:09:39,694 - D:/PycharmProjects/stock2/main/batchRequest.py - WARNING: 600772
2022-07-23 15:09:40,572 - D:/PycharmProjects/stock2/main/batchRequest.py - WARNING: 600786
2022-07-23 15:09:41,377 - D:/PycharmProjects/stock2/main/batchRequest.py - WARNING: 600788
2022-07-23 15:09:43,590 - D:/PycharmProjects/stock2/main/batchRequest.py - WARNING: 600799
2022-07-23 15:09:45,118 - D:/PycharmProjects/stock2/main/batchRequest.py - WARNING: 600813
2022-07-23 15:09:46,603 - D:/PycharmProjects/stock2/main/batchRequest.py - WARNING: 600832
2022-07-23 15:09:47,940 - D:/PycharmProjects/stock2/main/batchRequest.py - WARNING: 600840
2022-07-23 15:09:49,545 - D:/PycharmProjects/stock2/main/batchRequest.py - WARNING: 600842
2022-07-23 15:09:51,027 - D:/PycharmProjects/stock2/main/batchRequest.py - WARNING: 600849
2022-07-23 15:09:52,289 - D:/PycharmProjects/stock2/main/batchRequest.py - WARNING: 600852
2022-07-23 15:09:53,326 - D:/PycharmProjects/stock2/main/batchRequest.py - WARNING: 600878
2022-07-23 15:09:54,787 - D:/PycharmProjects/stock2/main/batchRequest.py - WARNING: 600899
2022-07-23 15:10:17,503 - D:/PycharmProjects/stock2/main/batchRequest.py - WARNING: 600991
2022-07-23 15:10:19,471 - D:/PycharmProjects/stock2/main/batchRequest.py - WARNING: 601268
2022-07-23 15:10:20,586 - D:/PycharmProjects/stock2/main/batchRequest.py - WARNING: 601299
2022-07-23 15:54:17,547 - D:/PycharmProjects/stock2/main/batchRequest.py - WARNING: 605196
2022-07-23 15:59:50,512 - D:/PycharmProjects/stock2/main/batchRequest.py - WARNING: 605589
2022-07-23 16:05:17,403 - D:/PycharmProjects/stock2/main/batchRequest.py - WARNING: 900931
2022-07-23 16:07:58,353 - D:/PycharmProjects/stock2/main/batchRequest.py - WARNING: 900949
2022-07-23 16:08:00,307 - D:/PycharmProjects/stock2/main/batchRequest.py - WARNING: 900950
2022-07-23 16:09:21,454 - D:/PycharmProjects/stock2/main/batchRequest.py - WARNING: 000003
2022-07-23 16:11:06,218 - D:/PycharmProjects/stock2/main/batchRequest.py - WARNING: 000013
2022-07-23 16:11:18,433 - D:/PycharmProjects/stock2/main/batchRequest.py - WARNING: 000015
2022-07-23 16:12:33,927 - D:/PycharmProjects/stock2/main/batchRequest.py - WARNING: 000024
2022-07-23 16:15:57,776 - D:/PycharmProjects/stock2/main/batchRequest.py - WARNING: 000047
2022-07-23 16:23:04,983 - D:/PycharmProjects/stock2/main/batchRequest.py - WARNING: 000405
2022-07-23 16:23:07,163 - D:/PycharmProjects/stock2/main/batchRequest.py - WARNING: 000406
2022-07-23 16:24:00,816 - D:/PycharmProjects/stock2/main/batchRequest.py - WARNING: 000412
2022-07-23 16:28:25,675 - D:/PycharmProjects/stock2/main/batchRequest.py - WARNING: 000508
2022-07-23 16:29:20,963 - D:/PycharmProjects/stock2/main/batchRequest.py - WARNING: 000515
2022-07-23 16:30:29,964 - D:/PycharmProjects/stock2/main/batchRequest.py - WARNING: 000522
2022-07-23 16:31:17,782 - D:/PycharmProjects/stock2/main/batchRequest.py - WARNING: 000527
2022-07-23 16:32:39,741 - D:/PycharmProjects/stock2/main/batchRequest.py - WARNING: 000535
2022-07-23 16:33:49,172 - D:/PycharmProjects/stock2/main/batchRequest.py - WARNING: 000542
2022-07-23 16:34:58,647 - D:/PycharmProjects/stock2/main/batchRequest.py - WARNING: 000549
2022-07-23 16:36:08,399 - D:/PycharmProjects/stock2/main/batchRequest.py - WARNING: 000556
2022-07-23 16:37:08,118 - D:/PycharmProjects/stock2/main/batchRequest.py - WARNING: 000562
2022-07-23 16:38:17,638 - D:/PycharmProjects/stock2/main/batchRequest.py - WARNING: 000569
2022-07-23 16:39:19,740 - D:/PycharmProjects/stock2/main/batchRequest.py - WARNING: 000578
2022-07-23 16:39:44,714 - D:/PycharmProjects/stock2/main/batchRequest.py - WARNING: 000583
2022-07-23 16:40:31,875 - D:/PycharmProjects/stock2/main/batchRequest.py - WARNING: 000588
2022-07-23 16:41:29,756 - D:/PycharmProjects/stock2/main/batchRequest.py - WARNING: 000594
2022-07-23 16:42:51,233 - D:/PycharmProjects/stock2/main/batchRequest.py - WARNING: 000602
2022-07-23 16:45:16,874 - D:/PycharmProjects/stock2/main/batchRequest.py - WARNING: 000618
2022-07-23 16:46:02,435 - D:/PycharmProjects/stock2/main/batchRequest.py - WARNING: 000621
2022-07-23 16:49:41,247 - D:/PycharmProjects/stock2/main/batchRequest.py - WARNING: 000653
2022-07-23 16:50:19,392 - D:/PycharmProjects/stock2/main/batchRequest.py - WARNING: 000658
2022-07-23 16:50:32,877 - D:/PycharmProjects/stock2/main/batchRequest.py - WARNING: 000660
2022-07-23 16:52:59,339 - D:/PycharmProjects/stock2/main/batchRequest.py - WARNING: 000675
2022-07-23 16:55:18,861 - D:/PycharmProjects/stock2/main/batchRequest.py - WARNING: 000689
2022-07-23 16:56:38,558 - D:/PycharmProjects/stock2/main/batchRequest.py - WARNING: 000699
2022-07-23 17:01:26,065 - D:/PycharmProjects/stock2/main/batchRequest.py - WARNING: 000730
2022-07-23 17:05:24,411 - D:/PycharmProjects/stock2/main/batchRequest.py - WARNING: 000763
2022-07-23 17:05:27,022 - D:/PycharmProjects/stock2/main/batchRequest.py - WARNING: 000765
2022-07-23 17:06:03,953 - D:/PycharmProjects/stock2/main/batchRequest.py - WARNING: 000769
2022-07-23 17:07:47,273 - D:/PycharmProjects/stock2/main/batchRequest.py - WARNING: 000787
2022-07-23 17:10:37,358 - D:/PycharmProjects/stock2/main/batchRequest.py - WARNING: 000805
2022-07-23 17:12:17,962 - D:/PycharmProjects/stock2/main/batchRequest.py - WARNING: 000817
2022-07-23 17:13:48,422 - D:/PycharmProjects/stock2/main/batchRequest.py - WARNING: 000827
2022-07-23 17:14:36,104 - D:/PycharmProjects/stock2/main/batchRequest.py - WARNING: 000832
2022-07-23 17:17:45,904 - D:/PycharmProjects/stock2/main/batchRequest.py - WARNING: 000866
2022-07-23 17:29:40,425 - D:/PycharmProjects/stock2/main/batchRequest.py - WARNING: 000956
2022-07-23 17:35:23,011 - D:/PycharmProjects/stock2/main/batchRequest.py - WARNING: 000991
2022-07-23 17:38:56,509 - D:/PycharmProjects/stock2/main/batchRequest.py - WARNING: 001219
2022-07-23 17:39:28,809 - D:/PycharmProjects/stock2/main/batchRequest.py - WARNING: 001234
2022-07-23 17:40:19,862 - D:/PycharmProjects/stock2/main/batchRequest.py - WARNING: 001296
2022-07-23 18:26:21,316 - D:/PycharmProjects/stock2/main/batchRequest.py - WARNING: 002257
2022-07-23 19:09:07,443 - D:/PycharmProjects/stock2/main/batchRequest.py - WARNING: 002525

2022-07-24 09:00:56,103 - D:/PycharmProjects/stock2/main/batchRequest.py - WARNING: Starting
2022-07-24 09:01:10,979 - D:/PycharmProjects/stock2/main/batchRequest.py - WARNING: 600001
2022-07-24 09:01:11,954 - D:/PycharmProjects/stock2/main/batchRequest.py - WARNING: 600002
2022-07-24 09:01:13,292 - D:/PycharmProjects/stock2/main/batchRequest.py - WARNING: 600003
2022-07-24 09:01:14,433 - D:/PycharmProjects/stock2/main/batchRequest.py - WARNING: 600065
2022-07-24 09:01:15,788 - D:/PycharmProjects/stock2/main/batchRequest.py - WARNING: 600087
2022-07-24 09:01:16,785 - D:/PycharmProjects/stock2/main/batchRequest.py - WARNING: 600092
2022-07-24 09:01:17,625 - D:/PycharmProjects/stock2/main/batchRequest.py - WARNING: 600102
2022-07-24 09:01:18,505 - D:/PycharmProjects/stock2/main/batchRequest.py - WARNING: 600181
2022-07-24 09:01:19,928 - D:/PycharmProjects/stock2/main/batchRequest.py - WARNING: 600205
2022-07-24 09:01:21,591 - D:/PycharmProjects/stock2/main/batchRequest.py - WARNING: 600253
2022-07-24 09:01:22,813 - D:/PycharmProjects/stock2/main/batchRequest.py - WARNING: 600263
2022-07-24 09:01:23,787 - D:/PycharmProjects/stock2/main/batchRequest.py - WARNING: 600286
2022-07-24 09:01:24,788 - D:/PycharmProjects/stock2/main/batchRequest.py - WARNING: 600296
2022-07-24 09:01:25,799 - D:/PycharmProjects/stock2/main/batchRequest.py - WARNING: 600349
2022-07-24 09:01:26,734 - D:/PycharmProjects/stock2/main/batchRequest.py - WARNING: 600357
2022-07-24 09:01:27,605 - D:/PycharmProjects/stock2/main/batchRequest.py - WARNING: 600472
2022-07-24 09:01:28,482 - D:/PycharmProjects/stock2/main/batchRequest.py - WARNING: 600553
2022-07-24 09:01:29,494 - D:/PycharmProjects/stock2/main/batchRequest.py - WARNING: 600591
2022-07-24 09:01:30,451 - D:/PycharmProjects/stock2/main/batchRequest.py - WARNING: 600607
2022-07-24 09:01:31,428 - D:/PycharmProjects/stock2/main/batchRequest.py - WARNING: 600625
2022-07-24 09:01:32,525 - D:/PycharmProjects/stock2/main/batchRequest.py - WARNING: 600627
2022-07-24 09:01:33,468 - D:/PycharmProjects/stock2/main/batchRequest.py - WARNING: 600631
2022-07-24 09:01:34,301 - D:/PycharmProjects/stock2/main/batchRequest.py - WARNING: 600632
2022-07-24 09:01:35,265 - D:/PycharmProjects/stock2/main/batchRequest.py - WARNING: 600646
2022-07-24 09:01:36,332 - D:/PycharmProjects/stock2/main/batchRequest.py - WARNING: 600656
2022-07-24 09:01:37,410 - D:/PycharmProjects/stock2/main/batchRequest.py - WARNING: 600659
2022-07-24 09:01:38,432 - D:/PycharmProjects/stock2/main/batchRequest.py - WARNING: 600669
2022-07-24 09:01:39,440 - D:/PycharmProjects/stock2/main/batchRequest.py - WARNING: 600670
2022-07-24 09:01:40,279 - D:/PycharmProjects/stock2/main/batchRequest.py - WARNING: 600672
2022-07-24 09:01:41,375 - D:/PycharmProjects/stock2/main/batchRequest.py - WARNING: 600700
2022-07-24 09:01:42,678 - D:/PycharmProjects/stock2/main/batchRequest.py - WARNING: 600709
2022-07-24 09:01:43,769 - D:/PycharmProjects/stock2/main/batchRequest.py - WARNING: 600752
2022-07-24 09:01:45,044 - D:/PycharmProjects/stock2/main/batchRequest.py - WARNING: 600762
2022-07-24 09:01:46,619 - D:/PycharmProjects/stock2/main/batchRequest.py - WARNING: 600772
2022-07-24 09:01:47,749 - D:/PycharmProjects/stock2/main/batchRequest.py - WARNING: 600786
2022-07-24 09:01:49,029 - D:/PycharmProjects/stock2/main/batchRequest.py - WARNING: 600788
2022-07-24 09:01:50,079 - D:/PycharmProjects/stock2/main/batchRequest.py - WARNING: 600799
2022-07-24 09:01:51,049 - D:/PycharmProjects/stock2/main/batchRequest.py - WARNING: 600813
2022-07-24 09:01:51,923 - D:/PycharmProjects/stock2/main/batchRequest.py - WARNING: 600832
2022-07-24 09:01:52,901 - D:/PycharmProjects/stock2/main/batchRequest.py - WARNING: 600840
2022-07-24 09:01:54,243 - D:/PycharmProjects/stock2/main/batchRequest.py - WARNING: 600842
2022-07-24 09:01:55,171 - D:/PycharmProjects/stock2/main/batchRequest.py - WARNING: 600849
2022-07-24 09:01:56,471 - D:/PycharmProjects/stock2/main/batchRequest.py - WARNING: 600852
2022-07-24 09:01:57,440 - D:/PycharmProjects/stock2/main/batchRequest.py - WARNING: 600878
2022-07-24 09:01:59,117 - D:/PycharmProjects/stock2/main/batchRequest.py - WARNING: 600899
2022-07-24 09:02:00,328 - D:/PycharmProjects/stock2/main/batchRequest.py - WARNING: 600991
2022-07-24 09:02:01,555 - D:/PycharmProjects/stock2/main/batchRequest.py - WARNING: 601268
2022-07-24 09:02:02,751 - D:/PycharmProjects/stock2/main/batchRequest.py - WARNING: 601299
2022-07-24 09:02:03,539 - D:/PycharmProjects/stock2/main/batchRequest.py - WARNING: 605196
2022-07-24 09:02:04,341 - D:/PycharmProjects/stock2/main/batchRequest.py - WARNING: 605589
2022-07-24 09:02:05,192 - D:/PycharmProjects/stock2/main/batchRequest.py - WARNING: 900931
2022-07-24 09:02:07,180 - D:/PycharmProjects/stock2/main/batchRequest.py - WARNING: 900949
2022-07-24 09:02:08,197 - D:/PycharmProjects/stock2/main/batchRequest.py - WARNING: 900950
2022-07-24 09:02:09,132 - D:/PycharmProjects/stock2/main/batchRequest.py - WARNING: 000003
2022-07-24 09:02:10,340 - D:/PycharmProjects/stock2/main/batchRequest.py - WARNING: 000013
2022-07-24 09:02:11,658 - D:/PycharmProjects/stock2/main/batchRequest.py - WARNING: 000015
2022-07-24 09:02:12,718 - D:/PycharmProjects/stock2/main/batchRequest.py - WARNING: 000024
2022-07-24 09:02:13,976 - D:/PycharmProjects/stock2/main/batchRequest.py - WARNING: 000047
2022-07-24 09:02:14,831 - D:/PycharmProjects/stock2/main/batchRequest.py - WARNING: 000405
2022-07-24 09:02:15,952 - D:/PycharmProjects/stock2/main/batchRequest.py - WARNING: 000406
2022-07-24 09:02:17,088 - D:/PycharmProjects/stock2/main/batchRequest.py - WARNING: 000412
2022-07-24 09:02:18,255 - D:/PycharmProjects/stock2/main/batchRequest.py - WARNING: 000508
2022-07-24 09:02:19,658 - D:/PycharmProjects/stock2/main/batchRequest.py - WARNING: 000515
2022-07-24 09:02:20,698 - D:/PycharmProjects/stock2/main/batchRequest.py - WARNING: 000522
2022-07-24 09:02:21,605 - D:/PycharmProjects/stock2/main/batchRequest.py - WARNING: 000527
2022-07-24 09:02:22,734 - D:/PycharmProjects/stock2/main/batchRequest.py - WARNING: 000535
2022-07-24 09:02:23,910 - D:/PycharmProjects/stock2/main/batchRequest.py - WARNING: 000542
2022-07-24 09:02:24,998 - D:/PycharmProjects/stock2/main/batchRequest.py - WARNING: 000549
2022-07-24 09:02:26,211 - D:/PycharmProjects/stock2/main/batchRequest.py - WARNING: 000556
2022-07-24 09:02:27,243 - D:/PycharmProjects/stock2/main/batchRequest.py - WARNING: 000562
2022-07-24 09:02:28,280 - D:/PycharmProjects/stock2/main/batchRequest.py - WARNING: 000569
2022-07-24 09:02:29,382 - D:/PycharmProjects/stock2/main/batchRequest.py - WARNING: 000578
2022-07-24 09:02:30,623 - D:/PycharmProjects/stock2/main/batchRequest.py - WARNING: 000583
2022-07-24 09:02:31,846 - D:/PycharmProjects/stock2/main/batchRequest.py - WARNING: 000588
2022-07-24 09:02:54,006 - D:/PycharmProjects/stock2/main/batchRequest.py - WARNING: 000594
2022-07-24 09:02:55,214 - D:/PycharmProjects/stock2/main/batchRequest.py - WARNING: 000602
2022-07-24 09:02:56,226 - D:/PycharmProjects/stock2/main/batchRequest.py - WARNING: 000618
2022-07-24 09:02:57,427 - D:/PycharmProjects/stock2/main/batchRequest.py - WARNING: 000621
2022-07-24 09:02:58,602 - D:/PycharmProjects/stock2/main/batchRequest.py - WARNING: 000653
2022-07-24 09:02:59,718 - D:/PycharmProjects/stock2/main/batchRequest.py - WARNING: 000658
2022-07-24 09:03:00,873 - D:/PycharmProjects/stock2/main/batchRequest.py - WARNING: 000660
2022-07-24 09:03:01,918 - D:/PycharmProjects/stock2/main/batchRequest.py - WARNING: 000675
2022-07-24 09:03:03,932 - D:/PycharmProjects/stock2/main/batchRequest.py - WARNING: 000689
2022-07-24 09:03:05,438 - D:/PycharmProjects/stock2/main/batchRequest.py - WARNING: 000699
2022-07-24 09:03:06,532 - D:/PycharmProjects/stock2/main/batchRequest.py - WARNING: 000730
2022-07-24 09:03:07,503 - D:/PycharmProjects/stock2/main/batchRequest.py - WARNING: 000763
2022-07-24 09:03:08,713 - D:/PycharmProjects/stock2/main/batchRequest.py - WARNING: 000765
2022-07-24 09:03:09,985 - D:/PycharmProjects/stock2/main/batchRequest.py - WARNING: 000769
2022-07-24 09:03:11,249 - D:/PycharmProjects/stock2/main/batchRequest.py - WARNING: 000787
2022-07-24 09:03:12,469 - D:/PycharmProjects/stock2/main/batchRequest.py - WARNING: 000805
2022-07-24 09:03:13,641 - D:/PycharmProjects/stock2/main/batchRequest.py - WARNING: 000817
2022-07-24 09:03:14,987 - D:/PycharmProjects/stock2/main/batchRequest.py - WARNING: 000827
2022-07-24 09:03:16,104 - D:/PycharmProjects/stock2/main/batchRequest.py - WARNING: 000832
2022-07-24 09:03:17,238 - D:/PycharmProjects/stock2/main/batchRequest.py - WARNING: 000866
2022-07-24 09:03:18,443 - D:/PycharmProjects/stock2/main/batchRequest.py - WARNING: 000956
2022-07-24 09:03:19,638 - D:/PycharmProjects/stock2/main/batchRequest.py - WARNING: 000991
2022-07-24 09:03:20,752 - D:/PycharmProjects/stock2/main/batchRequest.py - WARNING: 001219
2022-07-24 09:03:21,712 - D:/PycharmProjects/stock2/main/batchRequest.py - WARNING: 001234
2022-07-24 09:03:22,551 - D:/PycharmProjects/stock2/main/batchRequest.py - WARNING: 001296
2022-07-24 09:03:23,542 - D:/PycharmProjects/stock2/main/batchRequest.py - WARNING: 002257
2022-07-24 09:03:24,556 - D:/PycharmProjects/stock2/main/batchRequest.py - WARNING: 002525
2022-07-24 09:32:25,468 - D:/PycharmProjects/stock2/main/batchRequest.py - WARNING: 003039
2022-07-24 09:32:58,298 - D:/PycharmProjects/stock2/main/batchRequest.py - WARNING: 200002
2022-07-24 09:32:59,987 - D:/PycharmProjects/stock2/main/batchRequest.py - WARNING: 200003
2022-07-24 09:33:22,504 - D:/PycharmProjects/stock2/main/batchRequest.py - WARNING: 200013
2022-07-24 09:33:24,205 - D:/PycharmProjects/stock2/main/batchRequest.py - WARNING: 200015
2022-07-24 09:34:35,993 - D:/PycharmProjects/stock2/main/batchRequest.py - WARNING: 200024
2022-07-24 09:35:35,369 - D:/PycharmProjects/stock2/main/batchRequest.py - WARNING: 200039
2022-07-24 09:35:37,338 - D:/PycharmProjects/stock2/main/batchRequest.py - WARNING: 200041
2022-07-24 09:36:29,847 - D:/PycharmProjects/stock2/main/batchRequest.py - WARNING: 200057
2022-07-24 09:38:23,841 - D:/PycharmProjects/stock2/main/batchRequest.py - WARNING: 200513
2022-07-24 09:41:01,124 - D:/PycharmProjects/stock2/main/batchRequest.py - WARNING: 200770
2022-07-24 10:08:29,447 - D:/PycharmProjects/stock2/main/batchRequest.py - WARNING: 300186
2022-07-24 11:48:59,552 - D:/PycharmProjects/stock2/main/batchRequest.py - WARNING: 300940
2022-07-24 11:50:22,235 - D:/PycharmProjects/stock2/main/batchRequest.py - WARNING: 300952
2022-07-24 11:50:32,480 - D:/PycharmProjects/stock2/main/batchRequest.py - WARNING: 300955
2022-07-24 11:57:18,236 - D:/PycharmProjects/stock2/main/batchRequest.py - WARNING: 301009
2022-07-24 12:02:53,261 - D:/PycharmProjects/stock2/main/batchRequest.py - WARNING: 301055
2022-07-24 12:03:35,382 - D:/PycharmProjects/stock2/main/batchRequest.py - WARNING: 301061
2022-07-24 12:03:45,352 - D:/PycharmProjects/stock2/main/batchRequest.py - WARNING: 301063
2022-07-24 12:03:47,896 - D:/PycharmProjects/stock2/main/batchRequest.py - WARNING: 301065
2022-07-24 12:03:57,669 - D:/PycharmProjects/stock2/main/batchRequest.py - WARNING: 301067
2022-07-24 12:04:00,366 - D:/PycharmProjects/stock2/main/batchRequest.py - WARNING: 301068
2022-07-24 12:04:02,867 - D:/PycharmProjects/stock2/main/batchRequest.py - WARNING: 301069
2022-07-24 12:05:43,107 - D:/PycharmProjects/stock2/main/batchRequest.py - WARNING: 301081
2022-07-24 12:06:07,404 - D:/PycharmProjects/stock2/main/batchRequest.py - WARNING: 301086
2022-07-24 12:08:04,617 - D:/PycharmProjects/stock2/main/batchRequest.py - WARNING: 301106
2022-07-24 12:09:39,452 - D:/PycharmProjects/stock2/main/batchRequest.py - WARNING: 301123
2022-07-24 12:10:02,776 - D:/PycharmProjects/stock2/main/batchRequest.py - WARNING: 301128
2022-07-24 12:10:12,614 - D:/PycharmProjects/stock2/main/batchRequest.py - WARNING: 301130
2022-07-24 12:10:15,136 - D:/PycharmProjects/stock2/main/batchRequest.py - WARNING: 301131
2022-07-24 12:10:17,816 - D:/PycharmProjects/stock2/main/batchRequest.py - WARNING: 301133
2022-07-24 12:10:20,253 - D:/PycharmProjects/stock2/main/batchRequest.py - WARNING: 301135
2022-07-24 12:10:22,860 - D:/PycharmProjects/stock2/main/batchRequest.py - WARNING: 301136
2022-07-24 12:13:07,783 - D:/PycharmProjects/stock2/main/batchRequest.py - WARNING: 301180
2022-07-24 12:13:38,411 - D:/PycharmProjects/stock2/main/batchRequest.py - WARNING: 301186
2022-07-24 12:13:47,833 - D:/PycharmProjects/stock2/main/batchRequest.py - WARNING: 301188
2022-07-24 12:14:39,876 - D:/PycharmProjects/stock2/main/batchRequest.py - WARNING: 301200
2022-07-24 12:16:24,735 - D:/PycharmProjects/stock2/main/batchRequest.py - WARNING: 301222
2022-07-24 12:16:34,717 - D:/PycharmProjects/stock2/main/batchRequest.py - WARNING: 301228
2022-07-24 12:17:05,006 - D:/PycharmProjects/stock2/main/batchRequest.py - WARNING: 301236
2022-07-24 12:19:16,958 - D:/PycharmProjects/stock2/main/batchRequest.py - WARNING: 370422
2022-07-24 12:19:19,609 - D:/PycharmProjects/stock2/main/batchRequest.py - WARNING: 370607
2022-07-24 13:16:35,844 - D:/PycharmProjects/stock2/main/batchRequest.py - WARNING: Ending
2022-07-24 15:52:20,740 - D:/PycharmProjects/stock2/main/batchRequest.py - WARNING: Starting
2022-07-24 15:54:19,996 - D:/PycharmProjects/stock2/main/batchRequest.py - WARNING: Starting
2022-07-24 15:56:39,858 - D:/PycharmProjects/stock2/main/batchRequest.py - WARNING: 600001
2022-07-24 15:56:40,542 - D:/PycharmProjects/stock2/main/batchRequest.py - WARNING: 600002
2022-07-24 15:56:40,762 - D:/PycharmProjects/stock2/main/batchRequest.py - WARNING: 600003
2022-07-24 15:56:40,989 - D:/PycharmProjects/stock2/main/batchRequest.py - WARNING: 600065
2022-07-24 15:56:41,251 - D:/PycharmProjects/stock2/main/batchRequest.py - WARNING: 600087
2022-07-24 15:56:41,527 - D:/PycharmProjects/stock2/main/batchRequest.py - WARNING: 600092
2022-07-24 15:56:41,763 - D:/PycharmProjects/stock2/main/batchRequest.py - WARNING: 600102
2022-07-24 15:56:41,999 - D:/PycharmProjects/stock2/main/batchRequest.py - WARNING: 600181
2022-07-24 15:56:42,447 - D:/PycharmProjects/stock2/main/batchRequest.py - WARNING: 600205
2022-07-24 15:56:42,904 - D:/PycharmProjects/stock2/main/batchRequest.py - WARNING: 600253
2022-07-24 15:56:43,145 - D:/PycharmProjects/stock2/main/batchRequest.py - WARNING: 600263
2022-07-24 15:56:43,363 - D:/PycharmProjects/stock2/main/batchRequest.py - WARNING: 600286
2022-07-24 15:56:43,604 - D:/PycharmProjects/stock2/main/batchRequest.py - WARNING: 600296
2022-07-24 15:56:44,065 - D:/PycharmProjects/stock2/main/batchRequest.py - WARNING: 600349
2022-07-24 15:56:44,320 - D:/PycharmProjects/stock2/main/batchRequest.py - WARNING: 600357
2022-07-24 15:56:44,588 - D:/PycharmProjects/stock2/main/batchRequest.py - WARNING: 600472
2022-07-24 15:56:44,819 - D:/PycharmProjects/stock2/main/batchRequest.py - WARNING: 600553
2022-07-24 15:56:45,072 - D:/PycharmProjects/stock2/main/batchRequest.py - WARNING: 600591
2022-07-24 15:56:45,783 - D:/PycharmProjects/stock2/main/batchRequest.py - WARNING: 600607
2022-07-24 15:56:46,267 - D:/PycharmProjects/stock2/main/batchRequest.py - WARNING: 600625
2022-07-24 15:56:46,513 - D:/PycharmProjects/stock2/main/batchRequest.py - WARNING: 600627
2022-07-24 15:56:46,778 - D:/PycharmProjects/stock2/main/batchRequest.py - WARNING: 600631
2022-07-24 15:56:47,036 - D:/PycharmProjects/stock2/main/batchRequest.py - WARNING: 600632
2022-07-24 15:56:47,288 - D:/PycharmProjects/stock2/main/batchRequest.py - WARNING: 600646
2022-07-24 15:56:47,526 - D:/PycharmProjects/stock2/main/batchRequest.py - WARNING: 600656
2022-07-24 15:56:47,962 - D:/PycharmProjects/stock2/main/batchRequest.py - WARNING: 600659
2022-07-24 15:56:48,415 - D:/PycharmProjects/stock2/main/batchRequest.py - WARNING: 600669
2022-07-24 15:56:48,651 - D:/PycharmProjects/stock2/main/batchRequest.py - WARNING: 600670
2022-07-24 15:56:48,892 - D:/PycharmProjects/stock2/main/batchRequest.py - WARNING: 600672
2022-07-24 15:56:49,114 - D:/PycharmProjects/stock2/main/batchRequest.py - WARNING: 600700
2022-07-24 15:56:49,784 - D:/PycharmProjects/stock2/main/batchRequest.py - WARNING: 600709
2022-07-24 15:56:50,022 - D:/PycharmProjects/stock2/main/batchRequest.py - WARNING: 600752
2022-07-24 15:56:50,517 - D:/PycharmProjects/stock2/main/batchRequest.py - WARNING: 600762
2022-07-24 15:56:50,739 - D:/PycharmProjects/stock2/main/batchRequest.py - WARNING: 600772
2022-07-24 15:56:55,546 - D:/PycharmProjects/stock2/main/batchRequest.py - WARNING: Starting
2022-07-24 15:56:57,307 - D:/PycharmProjects/stock2/main/batchRequest.py - WARNING: 600001
2022-07-24 15:56:57,510 - D:/PycharmProjects/stock2/main/batchRequest.py - WARNING: 600002
2022-07-24 15:56:57,941 - D:/PycharmProjects/stock2/main/batchRequest.py - WARNING: 600003
2022-07-24 15:56:58,146 - D:/PycharmProjects/stock2/main/batchRequest.py - WARNING: 600065
2022-07-24 15:56:58,346 - D:/PycharmProjects/stock2/main/batchRequest.py - WARNING: 600087
2022-07-24 15:56:58,570 - D:/PycharmProjects/stock2/main/batchRequest.py - WARNING: 600092
2022-07-24 15:56:58,775 - D:/PycharmProjects/stock2/main/batchRequest.py - WARNING: 600102
2022-07-24 15:56:58,978 - D:/PycharmProjects/stock2/main/batchRequest.py - WARNING: 600181
2022-07-24 15:56:59,420 - D:/PycharmProjects/stock2/main/batchRequest.py - WARNING: 600205
2022-07-24 15:56:59,854 - D:/PycharmProjects/stock2/main/batchRequest.py - WARNING: 600253
2022-07-24 15:57:00,282 - D:/PycharmProjects/stock2/main/batchRequest.py - WARNING: 600263
2022-07-24 15:57:00,498 - D:/PycharmProjects/stock2/main/batchRequest.py - WARNING: 600286
2022-07-24 15:57:00,919 - D:/PycharmProjects/stock2/main/batchRequest.py - WARNING: 600296
2022-07-24 15:57:01,397 - D:/PycharmProjects/stock2/main/batchRequest.py - WARNING: 600349
2022-07-24 15:57:01,623 - D:/PycharmProjects/stock2/main/batchRequest.py - WARNING: 600357
2022-07-24 15:57:02,071 - D:/PycharmProjects/stock2/main/batchRequest.py - WARNING: 600472
2022-07-24 15:57:02,343 - D:/PycharmProjects/stock2/main/batchRequest.py - WARNING: 600553
2022-07-24 15:57:02,787 - D:/PycharmProjects/stock2/main/batchRequest.py - WARNING: 600591
2022-07-24 15:57:02,983 - D:/PycharmProjects/stock2/main/batchRequest.py - WARNING: 600607
2022-07-24 15:57:03,220 - D:/PycharmProjects/stock2/main/batchRequest.py - WARNING: 600625
2022-07-24 15:57:03,672 - D:/PycharmProjects/stock2/main/batchRequest.py - WARNING: 600627
2022-07-24 15:57:03,880 - D:/PycharmProjects/stock2/main/batchRequest.py - WARNING: 600631
2022-07-24 15:57:04,087 - D:/PycharmProjects/stock2/main/batchRequest.py - WARNING: 600632
2022-07-24 15:57:04,305 - D:/PycharmProjects/stock2/main/batchRequest.py - WARNING: 600646
2022-07-24 15:57:04,514 - D:/PycharmProjects/stock2/main/batchRequest.py - WARNING: 600656
2022-07-24 15:57:04,722 - D:/PycharmProjects/stock2/main/batchRequest.py - WARNING: 600659
2022-07-24 15:57:04,927 - D:/PycharmProjects/stock2/main/batchRequest.py - WARNING: 600669
2022-07-24 15:57:05,378 - D:/PycharmProjects/stock2/main/batchRequest.py - WARNING: 600670
2022-07-24 15:57:05,643 - D:/PycharmProjects/stock2/main/batchRequest.py - WARNING: 600672
2022-07-24 15:57:06,206 - D:/PycharmProjects/stock2/main/batchRequest.py - WARNING: 600700
2022-07-24 15:57:06,440 - D:/PycharmProjects/stock2/main/batchRequest.py - WARNING: 600709
2022-07-24 15:57:06,646 - D:/PycharmProjects/stock2/main/batchRequest.py - WARNING: 600752
2022-07-24 15:57:06,849 - D:/PycharmProjects/stock2/main/batchRequest.py - WARNING: 600762
2022-07-24 15:57:07,051 - D:/PycharmProjects/stock2/main/batchRequest.py - WARNING: 600772
2022-07-24 15:57:07,254 - D:/PycharmProjects/stock2/main/batchRequest.py - WARNING: 600786
2022-07-24 15:57:07,475 - D:/PycharmProjects/stock2/main/batchRequest.py - WARNING: 600788
2022-07-24 15:57:07,696 - D:/PycharmProjects/stock2/main/batchRequest.py - WARNING: 600799
2022-07-24 15:57:08,139 - D:/PycharmProjects/stock2/main/batchRequest.py - WARNING: 600813
2022-07-24 15:57:08,379 - D:/PycharmProjects/stock2/main/batchRequest.py - WARNING: 600832
2022-07-24 15:57:08,584 - D:/PycharmProjects/stock2/main/batchRequest.py - WARNING: 600840
2022-07-24 15:57:08,818 - D:/PycharmProjects/stock2/main/batchRequest.py - WARNING: 600842
2022-07-24 15:57:09,302 - D:/PycharmProjects/stock2/main/batchRequest.py - WARNING: 600849
2022-07-24 15:57:10,091 - D:/PycharmProjects/stock2/main/batchRequest.py - WARNING: 600852
2022-07-24 15:57:10,535 - D:/PycharmProjects/stock2/main/batchRequest.py - WARNING: 600878
2022-07-24 15:57:11,006 - D:/PycharmProjects/stock2/main/batchRequest.py - WARNING: 600899
2022-07-24 15:57:11,250 - D:/PycharmProjects/stock2/main/batchRequest.py - WARNING: 600991
2022-07-24 15:57:11,505 - D:/PycharmProjects/stock2/main/batchRequest.py - WARNING: 601268
2022-07-24 15:57:11,840 - D:/PycharmProjects/stock2/main/batchRequest.py - WARNING: 601299
2022-07-24 15:57:12,337 - D:/PycharmProjects/stock2/main/batchRequest.py - WARNING: 605196
2022-07-24 15:57:12,551 - D:/PycharmProjects/stock2/main/batchRequest.py - WARNING: 605589
2022-07-24 15:57:12,775 - D:/PycharmProjects/stock2/main/batchRequest.py - WARNING: 900931
2022-07-24 15:57:12,996 - D:/PycharmProjects/stock2/main/batchRequest.py - WARNING: 900949
2022-07-24 15:57:13,219 - D:/PycharmProjects/stock2/main/batchRequest.py - WARNING: 900950
2022-07-24 15:57:13,446 - D:/PycharmProjects/stock2/main/batchRequest.py - WARNING: 000003
2022-07-24 15:57:13,741 - D:/PycharmProjects/stock2/main/batchRequest.py - WARNING: 000013
2022-07-24 15:57:13,986 - D:/PycharmProjects/stock2/main/batchRequest.py - WARNING: 000015
2022-07-24 15:57:14,219 - D:/PycharmProjects/stock2/main/batchRequest.py - WARNING: 000024
2022-07-24 15:57:14,724 - D:/PycharmProjects/stock2/main/batchRequest.py - WARNING: 000047
2022-07-24 15:57:15,183 - D:/PycharmProjects/stock2/main/batchRequest.py - WARNING: 000405
2022-07-24 15:57:15,419 - D:/PycharmProjects/stock2/main/batchRequest.py - WARNING: 000406
2022-07-24 15:57:15,658 - D:/PycharmProjects/stock2/main/batchRequest.py - WARNING: 000412
2022-07-24 15:57:15,898 - D:/PycharmProjects/stock2/main/batchRequest.py - WARNING: 000508
2022-07-24 15:57:16,130 - D:/PycharmProjects/stock2/main/batchRequest.py - WARNING: 000515
2022-07-24 15:57:16,367 - D:/PycharmProjects/stock2/main/batchRequest.py - WARNING: 000522
2022-07-24 15:57:16,727 - D:/PycharmProjects/stock2/main/batchRequest.py - WARNING: 000527
2022-07-24 15:57:17,164 - D:/PycharmProjects/stock2/main/batchRequest.py - WARNING: 000535
2022-07-24 15:57:17,393 - D:/PycharmProjects/stock2/main/batchRequest.py - WARNING: 000542
2022-07-24 15:57:17,638 - D:/PycharmProjects/stock2/main/batchRequest.py - WARNING: 000549
2022-07-24 15:57:18,080 - D:/PycharmProjects/stock2/main/batchRequest.py - WARNING: 000556
2022-07-24 15:57:18,313 - D:/PycharmProjects/stock2/main/batchRequest.py - WARNING: 000562
2022-07-24 15:57:18,783 - D:/PycharmProjects/stock2/main/batchRequest.py - WARNING: 000569
2022-07-24 15:57:19,241 - D:/PycharmProjects/stock2/main/batchRequest.py - WARNING: 000578
2022-07-24 15:57:19,476 - D:/PycharmProjects/stock2/main/batchRequest.py - WARNING: 000583
2022-07-24 15:57:19,723 - D:/PycharmProjects/stock2/main/batchRequest.py - WARNING: 000588
2022-07-24 15:57:20,006 - D:/PycharmProjects/stock2/main/batchRequest.py - WARNING: 000594
2022-07-24 15:57:20,226 - D:/PycharmProjects/stock2/main/batchRequest.py - WARNING: 000602
2022-07-24 15:57:20,466 - D:/PycharmProjects/stock2/main/batchRequest.py - WARNING: 000618
2022-07-24 15:57:20,706 - D:/PycharmProjects/stock2/main/batchRequest.py - WARNING: 000621
2022-07-24 15:57:21,153 - D:/PycharmProjects/stock2/main/batchRequest.py - WARNING: 000653
2022-07-24 15:57:21,409 - D:/PycharmProjects/stock2/main/batchRequest.py - WARNING: 000658
2022-07-24 15:57:21,639 - D:/PycharmProjects/stock2/main/batchRequest.py - WARNING: 000660
2022-07-24 15:57:22,078 - D:/PycharmProjects/stock2/main/batchRequest.py - WARNING: 000675
2022-07-24 15:57:22,310 - D:/PycharmProjects/stock2/main/batchRequest.py - WARNING: 000689
2022-07-24 15:57:22,516 - D:/PycharmProjects/stock2/main/batchRequest.py - WARNING: 000699
2022-07-24 15:57:22,978 - D:/PycharmProjects/stock2/main/batchRequest.py - WARNING: 000730
2022-07-24 15:57:23,440 - D:/PycharmProjects/stock2/main/batchRequest.py - WARNING: 000763
2022-07-24 15:57:23,870 - D:/PycharmProjects/stock2/main/batchRequest.py - WARNING: 000765
2022-07-24 15:57:24,101 - D:/PycharmProjects/stock2/main/batchRequest.py - WARNING: 000769
2022-07-24 15:57:24,325 - D:/PycharmProjects/stock2/main/batchRequest.py - WARNING: 000787
2022-07-24 15:57:24,771 - D:/PycharmProjects/stock2/main/batchRequest.py - WARNING: 000805
2022-07-24 15:57:25,240 - D:/PycharmProjects/stock2/main/batchRequest.py - WARNING: 000817
2022-07-24 15:57:25,660 - D:/PycharmProjects/stock2/main/batchRequest.py - WARNING: 000827
2022-07-24 15:57:25,893 - D:/PycharmProjects/stock2/main/batchRequest.py - WARNING: 000832
2022-07-24 15:57:26,095 - D:/PycharmProjects/stock2/main/batchRequest.py - WARNING: 000866
2022-07-24 15:57:26,532 - D:/PycharmProjects/stock2/main/batchRequest.py - WARNING: 000956
2022-07-24 15:57:26,736 - D:/PycharmProjects/stock2/main/batchRequest.py - WARNING: 000991
2022-07-24 15:57:26,971 - D:/PycharmProjects/stock2/main/batchRequest.py - WARNING: 001219
2022-07-24 15:57:27,423 - D:/PycharmProjects/stock2/main/batchRequest.py - WARNING: 001234
2022-07-24 15:57:27,630 - D:/PycharmProjects/stock2/main/batchRequest.py - WARNING: 001296
2022-07-24 15:57:27,838 - D:/PycharmProjects/stock2/main/batchRequest.py - WARNING: 002257
2022-07-24 15:57:28,120 - D:/PycharmProjects/stock2/main/batchRequest.py - WARNING: 002525
2022-07-24 15:57:28,396 - D:/PycharmProjects/stock2/main/batchRequest.py - WARNING: 003039
2022-07-24 15:57:28,657 - D:/PycharmProjects/stock2/main/batchRequest.py - WARNING: 200002
2022-07-24 15:57:29,110 - D:/PycharmProjects/stock2/main/batchRequest.py - WARNING: 200003
2022-07-24 15:57:29,658 - D:/PycharmProjects/stock2/main/batchRequest.py - WARNING: 200013
2022-07-24 15:57:30,325 - D:/PycharmProjects/stock2/main/batchRequest.py - WARNING: 200015
2022-07-24 15:57:30,575 - D:/PycharmProjects/stock2/main/batchRequest.py - WARNING: 200024
2022-07-24 15:57:30,824 - D:/PycharmProjects/stock2/main/batchRequest.py - WARNING: 200039
2022-07-24 15:57:31,055 - D:/PycharmProjects/stock2/main/batchRequest.py - WARNING: 200041
2022-07-24 15:57:31,291 - D:/PycharmProjects/stock2/main/batchRequest.py - WARNING: 200057
2022-07-24 15:57:31,524 - D:/PycharmProjects/stock2/main/batchRequest.py - WARNING: 200513
2022-07-24 15:57:31,757 - D:/PycharmProjects/stock2/main/batchRequest.py - WARNING: 200770
2022-07-24 15:57:32,000 - D:/PycharmProjects/stock2/main/batchRequest.py - WARNING: 300186
2022-07-24 15:57:32,243 - D:/PycharmProjects/stock2/main/batchRequest.py - WARNING: 300940
2022-07-24 15:57:32,696 - D:/PycharmProjects/stock2/main/batchRequest.py - WARNING: 300952
2022-07-24 15:57:33,136 - D:/PycharmProjects/stock2/main/batchRequest.py - WARNING: 300955
2022-07-24 15:57:33,375 - D:/PycharmProjects/stock2/main/batchRequest.py - WARNING: 301009
2022-07-24 15:57:33,734 - D:/PycharmProjects/stock2/main/batchRequest.py - WARNING: 301055
2022-07-24 15:57:34,037 - D:/PycharmProjects/stock2/main/batchRequest.py - WARNING: 301061
2022-07-24 15:57:34,285 - D:/PycharmProjects/stock2/main/batchRequest.py - WARNING: 301063
2022-07-24 15:57:34,626 - D:/PycharmProjects/stock2/main/batchRequest.py - WARNING: 301065
2022-07-24 15:57:35,088 - D:/PycharmProjects/stock2/main/batchRequest.py - WARNING: 301067
2022-07-24 15:57:35,545 - D:/PycharmProjects/stock2/main/batchRequest.py - WARNING: 301068
2022-07-24 15:57:36,032 - D:/PycharmProjects/stock2/main/batchRequest.py - WARNING: 301069
2022-07-24 15:57:36,274 - D:/PycharmProjects/stock2/main/batchRequest.py - WARNING: 301081
2022-07-24 15:57:36,518 - D:/PycharmProjects/stock2/main/batchRequest.py - WARNING: 301086
2022-07-24 15:57:36,954 - D:/PycharmProjects/stock2/main/batchRequest.py - WARNING: 301106
2022-07-24 15:57:37,411 - D:/PycharmProjects/stock2/main/batchRequest.py - WARNING: 301123
2022-07-24 15:57:37,706 - D:/PycharmProjects/stock2/main/batchRequest.py - WARNING: 301128
2022-07-24 15:57:38,180 - D:/PycharmProjects/stock2/main/batchRequest.py - WARNING: 301130
2022-07-24 15:57:38,642 - D:/PycharmProjects/stock2/main/batchRequest.py - WARNING: 301131
2022-07-24 15:57:38,880 - D:/PycharmProjects/stock2/main/batchRequest.py - WARNING: 301133
2022-07-24 15:57:39,117 - D:/PycharmProjects/stock2/main/batchRequest.py - WARNING: 301135
2022-07-24 15:57:39,676 - D:/PycharmProjects/stock2/main/batchRequest.py - WARNING: 301136
2022-07-24 15:57:39,923 - D:/PycharmProjects/stock2/main/batchRequest.py - WARNING: 301180
2022-07-24 15:57:40,657 - D:/PycharmProjects/stock2/main/batchRequest.py - WARNING: 301186
2022-07-24 16:05:20,774 - D:/PycharmProjects/stock2/main/batchRequest.py - WARNING: Starting
2022-07-24 16:31:41,682 - D:/PycharmProjects/stock2/main/batchRequest.py - WARNING: Ending
