2020-09-19 12:00:41,656 - D:/PycharmProjects/stock2/main/batchRequest.py - WARNING: Starting
2020-09-19 13:31:45,461 - D:/PycharmProjects/stock2/main/batchRequest.py - WARNING: 600956
2020-09-19 13:43:24,908 - D:/PycharmProjects/stock2/main/batchRequest.py - WARNING: 601609
2020-09-19 14:22:17,448 - D:/PycharmProjects/stock2/main/batchRequest.py - WARNING: 601187
2020-09-19 14:26:42,377 - D:/PycharmProjects/stock2/main/batchRequest.py - WARNING: 603155
2020-09-19 14:43:50,664 - D:/PycharmProjects/stock2/main/batchRequest.py - WARNING: 603565
2020-09-19 15:09:46,018 - D:/PycharmProjects/stock2/main/batchRequest.py - WARNING: 605003
2020-09-19 15:10:33,324 - D:/PycharmProjects/stock2/main/batchRequest.py - WARNING: 605111
2020-09-19 15:11:08,951 - D:/PycharmProjects/stock2/main/batchRequest.py - WARNING: 605168
2020-09-19 15:11:54,800 - D:/PycharmProjects/stock2/main/batchRequest.py - WARNING: 605318
2020-09-19 15:19:28,877 - D:/PycharmProjects/stock2/main/batchRequest.py - WARNING: Ending
2020-09-19 15:37:47,125 - D:/PycharmProjects/stock2/main/batchRequest.py - WARNING: Starting
2020-09-19 17:28:32,940 - D:/PycharmProjects/stock2/main/batchRequest.py - WARNING: 002986
2020-09-19 17:29:43,281 - D:/PycharmProjects/stock2/main/batchRequest.py - WARNING: 003010
2020-09-19 17:32:47,196 - D:/PycharmProjects/stock2/main/batchRequest.py - WARNING: 003003
2020-09-19 17:54:59,149 - D:/PycharmProjects/stock2/main/batchRequest.py - WARNING: 003001
2020-09-19 18:34:19,807 - D:/PycharmProjects/stock2/main/batchRequest.py - WARNING: 300862
2020-09-19 18:43:19,867 - D:/PycharmProjects/stock2/main/batchRequest.py - WARNING: 300839
2020-09-19 18:44:05,493 - D:/PycharmProjects/stock2/main/batchRequest.py - WARNING: 300892
2020-09-19 18:44:57,796 - D:/PycharmProjects/stock2/main/batchRequest.py - WARNING: 300875
2020-09-19 18:45:54,309 - D:/PycharmProjects/stock2/main/batchRequest.py - WARNING: 300880
2020-09-19 18:46:44,073 - D:/PycharmProjects/stock2/main/batchRequest.py - WARNING: 300865
2020-09-19 18:47:40,480 - D:/PycharmProjects/stock2/main/batchRequest.py - WARNING: 300859
2020-09-19 18:56:42,854 - D:/PycharmProjects/stock2/main/batchRequest.py - WARNING: 300838
2020-09-19 18:57:45,998 - D:/PycharmProjects/stock2/main/batchRequest.py - WARNING: 300864
2020-09-19 18:58:45,314 - D:/PycharmProjects/stock2/main/batchRequest.py - WARNING: 300889
2020-09-19 18:59:37,658 - D:/PycharmProjects/stock2/main/batchRequest.py - WARNING: 300868
2020-09-19 19:00:32,494 - D:/PycharmProjects/stock2/main/batchRequest.py - WARNING: 300845
2020-09-19 19:03:02,183 - D:/PycharmProjects/stock2/main/batchRequest.py - WARNING: 300895
2020-09-19 19:03:49,652 - D:/PycharmProjects/stock2/main/batchRequest.py - WARNING: 300887
2020-09-19 19:05:40,430 - D:/PycharmProjects/stock2/main/batchRequest.py - WARNING: 300872
2020-09-19 19:06:24,113 - D:/PycharmProjects/stock2/main/batchRequest.py - WARNING: 300848
2020-09-19 19:06:33,012 - D:/PycharmProjects/stock2/main/batchRequest.py - WARNING: 300836
2020-09-19 19:07:16,140 - D:/PycharmProjects/stock2/main/batchRequest.py - WARNING: 300866
2020-09-19 19:08:28,252 - D:/PycharmProjects/stock2/main/batchRequest.py - WARNING: 300830
2020-09-19 19:10:25,663 - D:/PycharmProjects/stock2/main/batchRequest.py - WARNING: 300870
2020-09-19 19:12:17,737 - D:/PycharmProjects/stock2/main/batchRequest.py - WARNING: 300832
2020-09-19 19:16:08,708 - D:/PycharmProjects/stock2/main/batchRequest.py - WARNING: 300829
2020-09-19 19:19:27,878 - D:/PycharmProjects/stock2/main/batchRequest.py - WARNING: 300825
2020-09-19 19:20:22,959 - D:/PycharmProjects/stock2/main/batchRequest.py - WARNING: 300846
2020-09-19 19:23:13,798 - D:/PycharmProjects/stock2/main/batchRequest.py - WARNING: 300886
2020-09-19 19:29:58,582 - D:/PycharmProjects/stock2/main/batchRequest.py - WARNING: 300863
2020-09-19 19:33:18,453 - D:/PycharmProjects/stock2/main/batchRequest.py - WARNING: 300883
2020-09-19 19:38:23,363 - D:/PycharmProjects/stock2/main/batchRequest.py - WARNING: 300823
2020-09-19 19:39:07,787 - D:/PycharmProjects/stock2/main/batchRequest.py - WARNING: 300860
2020-09-19 19:40:34,441 - D:/PycharmProjects/stock2/main/batchRequest.py - WARNING: 300876
2020-09-19 19:42:30,269 - D:/PycharmProjects/stock2/main/batchRequest.py - WARNING: 300813
2020-09-19 19:42:31,863 - D:/PycharmProjects/stock2/main/batchRequest.py - WARNING: 300893
2020-09-19 19:43:48,089 - D:/PycharmProjects/stock2/main/batchRequest.py - WARNING: 300828
2020-09-19 19:50:06,624 - D:/PycharmProjects/stock2/main/batchRequest.py - WARNING: 300891
2020-09-19 19:54:44,981 - D:/PycharmProjects/stock2/main/batchRequest.py - WARNING: 300882
2020-09-19 20:02:38,238 - D:/PycharmProjects/stock2/main/batchRequest.py - WARNING: 300879
2020-09-19 20:06:18,952 - D:/PycharmProjects/stock2/main/batchRequest.py - WARNING: 300881
2020-09-19 20:07:54,189 - D:/PycharmProjects/stock2/main/batchRequest.py - WARNING: 300847
2020-09-19 20:08:39,663 - D:/PycharmProjects/stock2/main/batchRequest.py - WARNING: 300851
2020-09-19 20:09:17,616 - D:/PycharmProjects/stock2/main/batchRequest.py - WARNING: 300890
2020-09-19 20:09:56,290 - D:/PycharmProjects/stock2/main/batchRequest.py - WARNING: 300885
2020-09-19 20:11:22,604 - D:/PycharmProjects/stock2/main/batchRequest.py - WARNING: 300853
2020-09-19 20:20:39,377 - D:/PycharmProjects/stock2/main/batchRequest.py - WARNING: Ending
2020-10-11 15:58:25,447 - D:/PycharmProjects/stock2/main/batchRequest2.py - WARNING: Starting
2020-10-11 16:02:08,594 - D:/PycharmProjects/stock2/main/batchRequest2.py - WARNING: 300897
2020-10-11 16:12:34,708 - D:/PycharmProjects/stock2/main/batchRequest2.py - WARNING: 300896
2020-10-11 16:14:32,464 - D:/PycharmProjects/stock2/main/batchRequest2.py - WARNING: Ending
2021-08-16 10:35:33,372 - D:/PycharmProjects/stock2/main/batchRequest2.py - WARNING: Starting
2021-11-18 14:04:44,178 - D:/PycharmProjects/stock2/main/batchRequest2.py - WARNING: Starting
2021-11-18 14:04:49,046 - D:/PycharmProjects/stock2/main/batchRequest2.py - WARNING: Starting
2021-11-18 14:09:04,879 - D:/PycharmProjects/stock2/main/batchRequest2.py - WARNING: Starting
2021-11-18 14:09:10,031 - D:/PycharmProjects/stock2/main/batchRequest2.py - WARNING: Starting
2021-11-18 14:10:51,834 - D:/PycharmProjects/stock2/main/batchRequest2.py - WARNING: Starting
2022-07-05 17:27:51,368 - D:/PycharmProjects/stock2/main/singleRequest.py - WARNING: Starting
2022-07-05 17:37:41,266 - D:/PycharmProjects/stock2/main/singleRequest.py - WARNING: Starting
2022-07-05 17:38:00,306 - D:/PycharmProjects/stock2/main/singleRequest.py - WARNING: Ending
2022-07-05 17:38:40,322 - D:/PycharmProjects/stock2/main/singleRequest.py - WARNING: Starting
2022-07-23 01:10:42,784 - D:/PycharmProjects/stock2/main/singleRequest.py - WARNING: Starting
2022-07-23 01:11:20,686 - D:/PycharmProjects/stock2/main/singleRequest.py - WARNING: Starting
2022-07-23 01:11:38,358 - D:/PycharmProjects/stock2/main/singleRequest.py - WARNING: Ending
